This file contains any messages produced by compilers while
running configure, to aid debugging if configure makes a mistake.

It was created by logkeys configure 0.1.0, which was
generated by GNU Autoconf 2.64.  Invocation command line was

  $ ./configure 

## --------- ##
## Platform. ##
## --------- ##

hostname = centos1
uname -m = x86_64
uname -r = 3.10.0-327.el7.x86_64
uname -s = Linux
uname -v = #1 SMP Thu Nov 19 22:10:57 UTC 2015

/usr/bin/uname -p = x86_64
/bin/uname -X     = unknown

/bin/arch              = x86_64
/usr/bin/arch -k       = unknown
/usr/convex/getsysinfo = unknown
/usr/bin/hostinfo      = unknown
/bin/machine           = unknown
/usr/bin/oslevel       = unknown
/bin/universe          = unknown

PATH: /usr/local/sbin
PATH: /usr/local/bin
PATH: /usr/sbin
PATH: /usr/bin
PATH: /usr/local/go/bin
PATH: /usr/local/protobuf/bin/
PATH: /root/bin


## ----------- ##
## Core tests. ##
## ----------- ##

configure:2207: checking for a BSD-compatible install
configure:2275: result: /usr/bin/install -c
configure:2286: checking whether build environment is sane
configure:2336: result: yes
configure:2477: checking for a thread-safe mkdir -p
configure:2516: result: /usr/bin/mkdir -p
configure:2529: checking for gawk
configure:2545: found /usr/bin/gawk
configure:2556: result: gawk
configure:2567: checking whether make sets $(MAKE)
configure:2589: result: yes
configure:2731: checking for g++
configure:2747: found /usr/bin/g++
configure:2758: result: g++
configure:2785: checking for C++ compiler version
configure:2794: g++ --version >&5
g++ (GCC) 4.8.5 20150623 (Red Hat 4.8.5-28)
Copyright (C) 2015 Free Software Foundation, Inc.
This is free software; see the source for copying conditions.  There is NO
warranty; not even for MERCHANTABILITY or FITNESS FOR A PARTICULAR PURPOSE.

configure:2805: $? = 0
configure:2794: g++ -v >&5
Using built-in specs.
COLLECT_GCC=g++
COLLECT_LTO_WRAPPER=/usr/libexec/gcc/x86_64-redhat-linux/4.8.5/lto-wrapper
Target: x86_64-redhat-linux
Configured with: ../configure --prefix=/usr --mandir=/usr/share/man --infodir=/usr/share/info --with-bugurl=http://bugzilla.redhat.com/bugzilla --enable-bootstrap --enable-shared --enable-threads=posix --enable-checking=release --with-system-zlib --enable-__cxa_atexit --disable-libunwind-exceptions --enable-gnu-unique-object --enable-linker-build-id --with-linker-hash-style=gnu --enable-languages=c,c++,objc,obj-c++,java,fortran,ada,go,lto --enable-plugin --enable-initfini-array --disable-libgcj --with-isl=/builddir/build/BUILD/gcc-4.8.5-20150702/obj-x86_64-redhat-linux/isl-install --with-cloog=/builddir/build/BUILD/gcc-4.8.5-20150702/obj-x86_64-redhat-linux/cloog-install --enable-gnu-indirect-function --with-tune=generic --with-arch_32=x86-64 --build=x86_64-redhat-linux
Thread model: posix
gcc version 4.8.5 20150623 (Red Hat 4.8.5-28) (GCC) 
configure:2805: $? = 0
configure:2794: g++ -V >&5
g++: error: unrecognized command line option '-V'
g++: fatal error: no input files
compilation terminated.
configure:2805: $? = 4
configure:2794: g++ -qversion >&5
g++: error: unrecognized command line option '-qversion'
g++: fatal error: no input files
compilation terminated.
configure:2805: $? = 4
configure:2827: checking for C++ compiler default output file name
configure:2849: g++    conftest.cpp  >&5
configure:2853: $? = 0
configure:2890: result: a.out
configure:2906: checking whether the C++ compiler works
configure:2915: ./a.out
configure:2919: $? = 0
configure:2934: result: yes
configure:2941: checking whether we are cross compiling
configure:2943: result: no
configure:2946: checking for suffix of executables
configure:2953: g++ -o conftest    conftest.cpp  >&5
configure:2957: $? = 0
configure:2979: result: 
configure:2985: checking for suffix of object files
configure:3007: g++ -c   conftest.cpp >&5
configure:3011: $? = 0
configure:3032: result: o
configure:3036: checking whether we are using the GNU C++ compiler
configure:3055: g++ -c   conftest.cpp >&5
configure:3055: $? = 0
configure:3064: result: yes
configure:3073: checking whether g++ accepts -g
configure:3093: g++ -c -g  conftest.cpp >&5
configure:3093: $? = 0
configure:3134: result: yes
configure:3168: checking for style of include used by make
configure:3196: result: GNU
configure:3221: checking dependency style of g++
configure:3331: result: gcc3
configure:3347: checking whether make sets $(MAKE)
configure:3369: result: yes
configure:3388: checking for grep
configure:3404: found /usr/bin/grep
configure:3416: result: yes
configure:3429: checking for pgrep
configure:3445: found /usr/bin/pgrep
configure:3457: result: yes
configure:3470: checking for dumpkeys
configure:3486: found /usr/bin/dumpkeys
configure:3498: result: yes
configure:3558: checking for /dev/input
configure:3571: result: yes
configure:3580: checking for /proc/bus/input/devices
configure:3593: result: yes
configure:3610: checking how to run the C++ preprocessor
configure:3637: g++ -E  conftest.cpp
configure:3637: $? = 0
configure:3651: g++ -E  conftest.cpp
conftest.cpp:11:28: fatal error: ac_nonexistent.h: No such file or directory
 #include <ac_nonexistent.h>
                            ^
compilation terminated.
configure:3651: $? = 1
configure: failed program was:
| /* confdefs.h */
| #define PACKAGE_NAME "logkeys"
| #define PACKAGE_TARNAME "logkeys"
| #define PACKAGE_VERSION "0.1.0"
| #define PACKAGE_STRING "logkeys 0.1.0"
| #define PACKAGE_BUGREPORT "kerncece+logkeys@gmail.com"
| #define PACKAGE_URL "http://code.google.com/p/logkeys/"
| #define PACKAGE "logkeys"
| #define VERSION "0.1.0"
| /* end confdefs.h.  */
| #include <ac_nonexistent.h>
configure:3676: result: g++ -E
configure:3696: g++ -E  conftest.cpp
configure:3696: $? = 0
configure:3710: g++ -E  conftest.cpp
conftest.cpp:11:28: fatal error: ac_nonexistent.h: No such file or directory
 #include <ac_nonexistent.h>
                            ^
compilation terminated.
configure:3710: $? = 1
configure: failed program was:
| /* confdefs.h */
| #define PACKAGE_NAME "logkeys"
| #define PACKAGE_TARNAME "logkeys"
| #define PACKAGE_VERSION "0.1.0"
| #define PACKAGE_STRING "logkeys 0.1.0"
| #define PACKAGE_BUGREPORT "kerncece+logkeys@gmail.com"
| #define PACKAGE_URL "http://code.google.com/p/logkeys/"
| #define PACKAGE "logkeys"
| #define VERSION "0.1.0"
| /* end confdefs.h.  */
| #include <ac_nonexistent.h>
configure:3739: checking for grep that handles long lines and -e
configure:3797: result: /usr/bin/grep
configure:3802: checking for egrep
configure:3864: result: /usr/bin/grep -E
configure:3869: checking for ANSI C header files
configure:3889: g++ -c -g -O2  conftest.cpp >&5
configure:3889: $? = 0
configure:3962: g++ -o conftest -g -O2   conftest.cpp  >&5
configure:3962: $? = 0
configure:3962: ./conftest
configure:3962: $? = 0
configure:3973: result: yes
configure:3986: checking for sys/types.h
configure:3986: g++ -c -g -O2  conftest.cpp >&5
configure:3986: $? = 0
configure:3986: result: yes
configure:3986: checking for sys/stat.h
configure:3986: g++ -c -g -O2  conftest.cpp >&5
configure:3986: $? = 0
configure:3986: result: yes
configure:3986: checking for stdlib.h
configure:3986: g++ -c -g -O2  conftest.cpp >&5
configure:3986: $? = 0
configure:3986: result: yes
configure:3986: checking for string.h
configure:3986: g++ -c -g -O2  conftest.cpp >&5
configure:3986: $? = 0
configure:3986: result: yes
configure:3986: checking for memory.h
configure:3986: g++ -c -g -O2  conftest.cpp >&5
configure:3986: $? = 0
configure:3986: result: yes
configure:3986: checking for strings.h
configure:3986: g++ -c -g -O2  conftest.cpp >&5
configure:3986: $? = 0
configure:3986: result: yes
configure:3986: checking for inttypes.h
configure:3986: g++ -c -g -O2  conftest.cpp >&5
configure:3986: $? = 0
configure:3986: result: yes
configure:3986: checking for stdint.h
configure:3986: g++ -c -g -O2  conftest.cpp >&5
configure:3986: $? = 0
configure:3986: result: yes
configure:3986: checking for unistd.h
configure:3986: g++ -c -g -O2  conftest.cpp >&5
configure:3986: $? = 0
configure:3986: result: yes
configure:4002: checking cstdio usability
configure:4002: g++ -c -g -O2  conftest.cpp >&5
configure:4002: $? = 0
configure:4002: result: yes
configure:4002: checking cstdio presence
configure:4002: g++ -E  conftest.cpp
configure:4002: $? = 0
configure:4002: result: yes
configure:4002: checking for cstdio
configure:4002: result: yes
configure:4002: checking cerrno usability
configure:4002: g++ -c -g -O2  conftest.cpp >&5
configure:4002: $? = 0
configure:4002: result: yes
configure:4002: checking cerrno presence
configure:4002: g++ -E  conftest.cpp
configure:4002: $? = 0
configure:4002: result: yes
configure:4002: checking for cerrno
configure:4002: result: yes
configure:4002: checking cstring usability
configure:4002: g++ -c -g -O2  conftest.cpp >&5
configure:4002: $? = 0
configure:4002: result: yes
configure:4002: checking cstring presence
configure:4002: g++ -E  conftest.cpp
configure:4002: $? = 0
configure:4002: result: yes
configure:4002: checking for cstring
configure:4002: result: yes
configure:4002: checking sstream usability
configure:4002: g++ -c -g -O2  conftest.cpp >&5
configure:4002: $? = 0
configure:4002: result: yes
configure:4002: checking sstream presence
configure:4002: g++ -E  conftest.cpp
configure:4002: $? = 0
configure:4002: result: yes
configure:4002: checking for sstream
configure:4002: result: yes
configure:4002: checking cstdlib usability
configure:4002: g++ -c -g -O2  conftest.cpp >&5
configure:4002: $? = 0
configure:4002: result: yes
configure:4002: checking cstdlib presence
configure:4002: g++ -E  conftest.cpp
configure:4002: $? = 0
configure:4002: result: yes
configure:4002: checking for cstdlib
configure:4002: result: yes
configure:4002: checking csignal usability
configure:4002: g++ -c -g -O2  conftest.cpp >&5
configure:4002: $? = 0
configure:4002: result: yes
configure:4002: checking csignal presence
configure:4002: g++ -E  conftest.cpp
configure:4002: $? = 0
configure:4002: result: yes
configure:4002: checking for csignal
configure:4002: result: yes
configure:4002: checking for unistd.h
configure:4002: result: yes
configure:4002: checking getopt.h usability
configure:4002: g++ -c -g -O2  conftest.cpp >&5
configure:4002: $? = 0
configure:4002: result: yes
configure:4002: checking getopt.h presence
configure:4002: g++ -E  conftest.cpp
configure:4002: $? = 0
configure:4002: result: yes
configure:4002: checking for getopt.h
configure:4002: result: yes
configure:4002: checking sys/file.h usability
configure:4002: g++ -c -g -O2  conftest.cpp >&5
configure:4002: $? = 0
configure:4002: result: yes
configure:4002: checking sys/file.h presence
configure:4002: g++ -E  conftest.cpp
configure:4002: $? = 0
configure:4002: result: yes
configure:4002: checking for sys/file.h
configure:4002: result: yes
configure:4002: checking linux/input.h usability
configure:4002: g++ -c -g -O2  conftest.cpp >&5
configure:4002: $? = 0
configure:4002: result: yes
configure:4002: checking linux/input.h presence
configure:4002: g++ -E  conftest.cpp
configure:4002: $? = 0
configure:4002: result: yes
configure:4002: checking for linux/input.h
configure:4002: result: yes
configure:4018: checking for stdbool.h that conforms to C99
configure:4103: g++ -c -g -O2  conftest.cpp >&5
configure:4103: $? = 0
configure:4110: result: yes
configure:4112: checking for _Bool
configure:4112: g++ -c -g -O2  conftest.cpp >&5
conftest.cpp: In function 'int main()':
conftest.cpp:67:13: error: '_Bool' was not declared in this scope
 if (sizeof (_Bool))
             ^
configure:4112: $? = 1
configure: failed program was:
| /* confdefs.h */
| #define PACKAGE_NAME "logkeys"
| #define PACKAGE_TARNAME "logkeys"
| #define PACKAGE_VERSION "0.1.0"
| #define PACKAGE_STRING "logkeys 0.1.0"
| #define PACKAGE_BUGREPORT "kerncece+logkeys@gmail.com"
| #define PACKAGE_URL "http://code.google.com/p/logkeys/"
| #define PACKAGE "logkeys"
| #define VERSION "0.1.0"
| #define STDC_HEADERS 1
| #define HAVE_SYS_TYPES_H 1
| #define HAVE_SYS_STAT_H 1
| #define HAVE_STDLIB_H 1
| #define HAVE_STRING_H 1
| #define HAVE_MEMORY_H 1
| #define HAVE_STRINGS_H 1
| #define HAVE_INTTYPES_H 1
| #define HAVE_STDINT_H 1
| #define HAVE_UNISTD_H 1
| #define HAVE_CSTDIO 1
| #define HAVE_CERRNO 1
| #define HAVE_CSTRING 1
| #define HAVE_SSTREAM 1
| #define HAVE_CSTDLIB 1
| #define HAVE_CSIGNAL 1
| #define HAVE_UNISTD_H 1
| #define HAVE_GETOPT_H 1
| #define HAVE_SYS_FILE_H 1
| #define HAVE_LINUX_INPUT_H 1
| /* end confdefs.h.  */
| #include <stdio.h>
| #ifdef HAVE_SYS_TYPES_H
| # include <sys/types.h>
| #endif
| #ifdef HAVE_SYS_STAT_H
| # include <sys/stat.h>
| #endif
| #ifdef STDC_HEADERS
| # include <stdlib.h>
| # include <stddef.h>
| #else
| # ifdef HAVE_STDLIB_H
| #  include <stdlib.h>
| # endif
| #endif
| #ifdef HAVE_STRING_H
| # if !defined STDC_HEADERS && defined HAVE_MEMORY_H
| #  include <memory.h>
| # endif
| # include <string.h>
| #endif
| #ifdef HAVE_STRINGS_H
| # include <strings.h>
| #endif
| #ifdef HAVE_INTTYPES_H
| # include <inttypes.h>
| #endif
| #ifdef HAVE_STDINT_H
| # include <stdint.h>
| #endif
| #ifdef HAVE_UNISTD_H
| # include <unistd.h>
| #endif
| int
| main ()
| {
| if (sizeof (_Bool))
| 	 return 0;
|   ;
|   return 0;
| }
configure:4112: result: no
configure:4128: checking for inline
configure:4144: g++ -c -g -O2  conftest.cpp >&5
configure:4144: $? = 0
configure:4152: result: inline
configure:4170: checking for pid_t
configure:4170: g++ -c -g -O2  conftest.cpp >&5
configure:4170: $? = 0
configure:4170: g++ -c -g -O2  conftest.cpp >&5
conftest.cpp: In function 'int main()':
conftest.cpp:68:19: error: expected primary-expression before ')' token
 if (sizeof ((pid_t)))
                   ^
configure:4170: $? = 1
configure: failed program was:
| /* confdefs.h */
| #define PACKAGE_NAME "logkeys"
| #define PACKAGE_TARNAME "logkeys"
| #define PACKAGE_VERSION "0.1.0"
| #define PACKAGE_STRING "logkeys 0.1.0"
| #define PACKAGE_BUGREPORT "kerncece+logkeys@gmail.com"
| #define PACKAGE_URL "http://code.google.com/p/logkeys/"
| #define PACKAGE "logkeys"
| #define VERSION "0.1.0"
| #define STDC_HEADERS 1
| #define HAVE_SYS_TYPES_H 1
| #define HAVE_SYS_STAT_H 1
| #define HAVE_STDLIB_H 1
| #define HAVE_STRING_H 1
| #define HAVE_MEMORY_H 1
| #define HAVE_STRINGS_H 1
| #define HAVE_INTTYPES_H 1
| #define HAVE_STDINT_H 1
| #define HAVE_UNISTD_H 1
| #define HAVE_CSTDIO 1
| #define HAVE_CERRNO 1
| #define HAVE_CSTRING 1
| #define HAVE_SSTREAM 1
| #define HAVE_CSTDLIB 1
| #define HAVE_CSIGNAL 1
| #define HAVE_UNISTD_H 1
| #define HAVE_GETOPT_H 1
| #define HAVE_SYS_FILE_H 1
| #define HAVE_LINUX_INPUT_H 1
| #define HAVE_STDBOOL_H 1
| /* end confdefs.h.  */
| #include <stdio.h>
| #ifdef HAVE_SYS_TYPES_H
| # include <sys/types.h>
| #endif
| #ifdef HAVE_SYS_STAT_H
| # include <sys/stat.h>
| #endif
| #ifdef STDC_HEADERS
| # include <stdlib.h>
| # include <stddef.h>
| #else
| # ifdef HAVE_STDLIB_H
| #  include <stdlib.h>
| # endif
| #endif
| #ifdef HAVE_STRING_H
| # if !defined STDC_HEADERS && defined HAVE_MEMORY_H
| #  include <memory.h>
| # endif
| # include <string.h>
| #endif
| #ifdef HAVE_STRINGS_H
| # include <strings.h>
| #endif
| #ifdef HAVE_INTTYPES_H
| # include <inttypes.h>
| #endif
| #ifdef HAVE_STDINT_H
| # include <stdint.h>
| #endif
| #ifdef HAVE_UNISTD_H
| # include <unistd.h>
| #endif
| int
| main ()
| {
| if (sizeof ((pid_t)))
| 	    return 0;
|   ;
|   return 0;
| }
configure:4170: result: yes
configure:4181: checking for size_t
configure:4181: g++ -c -g -O2  conftest.cpp >&5
configure:4181: $? = 0
configure:4181: g++ -c -g -O2  conftest.cpp >&5
conftest.cpp: In function 'int main()':
conftest.cpp:68:20: error: expected primary-expression before ')' token
 if (sizeof ((size_t)))
                    ^
configure:4181: $? = 1
configure: failed program was:
| /* confdefs.h */
| #define PACKAGE_NAME "logkeys"
| #define PACKAGE_TARNAME "logkeys"
| #define PACKAGE_VERSION "0.1.0"
| #define PACKAGE_STRING "logkeys 0.1.0"
| #define PACKAGE_BUGREPORT "kerncece+logkeys@gmail.com"
| #define PACKAGE_URL "http://code.google.com/p/logkeys/"
| #define PACKAGE "logkeys"
| #define VERSION "0.1.0"
| #define STDC_HEADERS 1
| #define HAVE_SYS_TYPES_H 1
| #define HAVE_SYS_STAT_H 1
| #define HAVE_STDLIB_H 1
| #define HAVE_STRING_H 1
| #define HAVE_MEMORY_H 1
| #define HAVE_STRINGS_H 1
| #define HAVE_INTTYPES_H 1
| #define HAVE_STDINT_H 1
| #define HAVE_UNISTD_H 1
| #define HAVE_CSTDIO 1
| #define HAVE_CERRNO 1
| #define HAVE_CSTRING 1
| #define HAVE_SSTREAM 1
| #define HAVE_CSTDLIB 1
| #define HAVE_CSIGNAL 1
| #define HAVE_UNISTD_H 1
| #define HAVE_GETOPT_H 1
| #define HAVE_SYS_FILE_H 1
| #define HAVE_LINUX_INPUT_H 1
| #define HAVE_STDBOOL_H 1
| /* end confdefs.h.  */
| #include <stdio.h>
| #ifdef HAVE_SYS_TYPES_H
| # include <sys/types.h>
| #endif
| #ifdef HAVE_SYS_STAT_H
| # include <sys/stat.h>
| #endif
| #ifdef STDC_HEADERS
| # include <stdlib.h>
| # include <stddef.h>
| #else
| # ifdef HAVE_STDLIB_H
| #  include <stdlib.h>
| # endif
| #endif
| #ifdef HAVE_STRING_H
| # if !defined STDC_HEADERS && defined HAVE_MEMORY_H
| #  include <memory.h>
| # endif
| # include <string.h>
| #endif
| #ifdef HAVE_STRINGS_H
| # include <strings.h>
| #endif
| #ifdef HAVE_INTTYPES_H
| # include <inttypes.h>
| #endif
| #ifdef HAVE_STDINT_H
| # include <stdint.h>
| #endif
| #ifdef HAVE_UNISTD_H
| # include <unistd.h>
| #endif
| int
| main ()
| {
| if (sizeof ((size_t)))
| 	    return 0;
|   ;
|   return 0;
| }
configure:4181: result: yes
configure:4194: checking for error_at_line
configure:4210: g++ -o conftest -g -O2   conftest.cpp  >&5
configure:4210: $? = 0
configure:4218: result: yes
configure:4231: checking vfork.h usability
configure:4231: g++ -c -g -O2  conftest.cpp >&5
conftest.cpp:65:19: fatal error: vfork.h: No such file or directory
 #include <vfork.h>
                   ^
compilation terminated.
configure:4231: $? = 1
configure: failed program was:
| /* confdefs.h */
| #define PACKAGE_NAME "logkeys"
| #define PACKAGE_TARNAME "logkeys"
| #define PACKAGE_VERSION "0.1.0"
| #define PACKAGE_STRING "logkeys 0.1.0"
| #define PACKAGE_BUGREPORT "kerncece+logkeys@gmail.com"
| #define PACKAGE_URL "http://code.google.com/p/logkeys/"
| #define PACKAGE "logkeys"
| #define VERSION "0.1.0"
| #define STDC_HEADERS 1
| #define HAVE_SYS_TYPES_H 1
| #define HAVE_SYS_STAT_H 1
| #define HAVE_STDLIB_H 1
| #define HAVE_STRING_H 1
| #define HAVE_MEMORY_H 1
| #define HAVE_STRINGS_H 1
| #define HAVE_INTTYPES_H 1
| #define HAVE_STDINT_H 1
| #define HAVE_UNISTD_H 1
| #define HAVE_CSTDIO 1
| #define HAVE_CERRNO 1
| #define HAVE_CSTRING 1
| #define HAVE_SSTREAM 1
| #define HAVE_CSTDLIB 1
| #define HAVE_CSIGNAL 1
| #define HAVE_UNISTD_H 1
| #define HAVE_GETOPT_H 1
| #define HAVE_SYS_FILE_H 1
| #define HAVE_LINUX_INPUT_H 1
| #define HAVE_STDBOOL_H 1
| /* end confdefs.h.  */
| #include <stdio.h>
| #ifdef HAVE_SYS_TYPES_H
| # include <sys/types.h>
| #endif
| #ifdef HAVE_SYS_STAT_H
| # include <sys/stat.h>
| #endif
| #ifdef STDC_HEADERS
| # include <stdlib.h>
| # include <stddef.h>
| #else
| # ifdef HAVE_STDLIB_H
| #  include <stdlib.h>
| # endif
| #endif
| #ifdef HAVE_STRING_H
| # if !defined STDC_HEADERS && defined HAVE_MEMORY_H
| #  include <memory.h>
| # endif
| # include <string.h>
| #endif
| #ifdef HAVE_STRINGS_H
| # include <strings.h>
| #endif
| #ifdef HAVE_INTTYPES_H
| # include <inttypes.h>
| #endif
| #ifdef HAVE_STDINT_H
| # include <stdint.h>
| #endif
| #ifdef HAVE_UNISTD_H
| # include <unistd.h>
| #endif
| #include <vfork.h>
configure:4231: result: no
configure:4231: checking vfork.h presence
configure:4231: g++ -E  conftest.cpp
conftest.cpp:32:19: fatal error: vfork.h: No such file or directory
 #include <vfork.h>
                   ^
compilation terminated.
configure:4231: $? = 1
configure: failed program was:
| /* confdefs.h */
| #define PACKAGE_NAME "logkeys"
| #define PACKAGE_TARNAME "logkeys"
| #define PACKAGE_VERSION "0.1.0"
| #define PACKAGE_STRING "logkeys 0.1.0"
| #define PACKAGE_BUGREPORT "kerncece+logkeys@gmail.com"
| #define PACKAGE_URL "http://code.google.com/p/logkeys/"
| #define PACKAGE "logkeys"
| #define VERSION "0.1.0"
| #define STDC_HEADERS 1
| #define HAVE_SYS_TYPES_H 1
| #define HAVE_SYS_STAT_H 1
| #define HAVE_STDLIB_H 1
| #define HAVE_STRING_H 1
| #define HAVE_MEMORY_H 1
| #define HAVE_STRINGS_H 1
| #define HAVE_INTTYPES_H 1
| #define HAVE_STDINT_H 1
| #define HAVE_UNISTD_H 1
| #define HAVE_CSTDIO 1
| #define HAVE_CERRNO 1
| #define HAVE_CSTRING 1
| #define HAVE_SSTREAM 1
| #define HAVE_CSTDLIB 1
| #define HAVE_CSIGNAL 1
| #define HAVE_UNISTD_H 1
| #define HAVE_GETOPT_H 1
| #define HAVE_SYS_FILE_H 1
| #define HAVE_LINUX_INPUT_H 1
| #define HAVE_STDBOOL_H 1
| /* end confdefs.h.  */
| #include <vfork.h>
configure:4231: result: no
configure:4231: checking for vfork.h
configure:4231: result: no
configure:4244: checking for fork
configure:4244: g++ -o conftest -g -O2   conftest.cpp  >&5
configure:4244: $? = 0
configure:4244: result: yes
configure:4244: checking for vfork
configure:4244: g++ -o conftest -g -O2   conftest.cpp  >&5
configure:4244: $? = 0
configure:4244: result: yes
configure:4255: checking for working fork
configure:4277: g++ -o conftest -g -O2   conftest.cpp  >&5
configure:4277: $? = 0
configure:4277: ./conftest
configure:4277: $? = 0
configure:4287: result: yes
configure:4308: checking for working vfork
configure:4418: result: yes
configure:4446: checking for geteuid
configure:4446: g++ -o conftest -g -O2   conftest.cpp  >&5
configure:4446: $? = 0
configure:4446: result: yes
configure:4446: checking for getcwd
configure:4446: g++ -o conftest -g -O2   conftest.cpp  >&5
configure:4446: $? = 0
configure:4446: result: yes
configure:4446: checking for memset
configure:4446: g++ -o conftest -g -O2   conftest.cpp  >&5
configure:4446: $? = 0
configure:4446: result: yes
configure:4446: checking for setlocale
configure:4446: g++ -o conftest -g -O2   conftest.cpp  >&5
configure:4446: $? = 0
configure:4446: result: yes
configure:4446: checking for strerror
configure:4446: g++ -o conftest -g -O2   conftest.cpp  >&5
configure:4446: $? = 0
configure:4446: result: yes
configure:4446: checking for fprintf
configure:4446: g++ -o conftest -g -O2   conftest.cpp  >&5
configure:4446: $? = 0
configure:4446: result: yes
configure:4446: checking for getopt_long
configure:4446: g++ -o conftest -g -O2   conftest.cpp  >&5
configure:4446: $? = 0
configure:4446: result: yes
configure:4446: checking for fopen
configure:4446: g++ -o conftest -g -O2   conftest.cpp  >&5
configure:4446: $? = 0
configure:4446: result: yes
configure:4446: checking for sscanf
configure:4446: g++ -o conftest -g -O2   conftest.cpp  >&5
configure:4446: $? = 0
configure:4446: result: yes
configure:4446: checking for fscanf
configure:4446: g++ -o conftest -g -O2   conftest.cpp  >&5
configure:4446: $? = 0
configure:4446: result: yes
configure:4446: checking for getpid
configure:4446: g++ -o conftest -g -O2   conftest.cpp  >&5
configure:4446: $? = 0
configure:4446: result: yes
configure:4446: checking for fclose
configure:4446: g++ -o conftest -g -O2   conftest.cpp  >&5
configure:4446: $? = 0
configure:4446: result: yes
configure:4446: checking for remove
configure:4446: g++ -o conftest -g -O2   conftest.cpp  >&5
configure:4446: $? = 0
configure:4446: result: yes
configure:4446: checking for kill
configure:4446: g++ -o conftest -g -O2   conftest.cpp  >&5
configure:4446: $? = 0
configure:4446: result: yes
configure:4446: checking for strlen
configure:4446: g++ -o conftest -g -O2   conftest.cpp  >&5
configure:4446: $? = 0
configure:4446: result: yes
configure:4446: checking for strcat
configure:4446: g++ -o conftest -g -O2   conftest.cpp  >&5
configure:4446: $? = 0
configure:4446: result: yes
configure:4446: checking for strcpy
configure:4446: g++ -o conftest -g -O2   conftest.cpp  >&5
configure:4446: $? = 0
configure:4446: result: yes
configure:4446: checking for strncat
configure:4446: g++ -o conftest -g -O2   conftest.cpp  >&5
configure:4446: $? = 0
configure:4446: result: yes
configure:4446: checking for freopen
configure:4446: g++ -o conftest -g -O2   conftest.cpp  >&5
configure:4446: $? = 0
configure:4446: result: yes
configure:4446: checking for feof
configure:4446: g++ -o conftest -g -O2   conftest.cpp  >&5
configure:4446: $? = 0
configure:4446: result: yes
configure:4446: checking for fgets
configure:4446: g++ -o conftest -g -O2   conftest.cpp  >&5
configure:4446: $? = 0
configure:4446: result: yes
configure:4446: checking for atoi
configure:4446: g++ -o conftest -g -O2   conftest.cpp  >&5
configure:4446: $? = 0
configure:4446: result: yes
configure:4446: checking for sigaction
configure:4446: g++ -o conftest -g -O2   conftest.cpp  >&5
configure:4446: $? = 0
configure:4446: result: yes
configure:4446: checking for fork
configure:4446: result: yes
configure:4446: checking for setsid
configure:4446: g++ -o conftest -g -O2   conftest.cpp  >&5
configure:4446: $? = 0
configure:4446: result: yes
configure:4446: checking for open
configure:4446: g++ -o conftest -g -O2   conftest.cpp  >&5
configure:4446: $? = 0
configure:4446: result: yes
configure:4446: checking for close
configure:4446: g++ -o conftest -g -O2   conftest.cpp  >&5
configure:4446: $? = 0
configure:4446: result: yes
configure:4446: checking for flock
configure:4446: g++ -o conftest -g -O2   conftest.cpp  >&5
configure:4446: $? = 0
configure:4446: result: yes
configure:4446: checking for write
configure:4446: g++ -o conftest -g -O2   conftest.cpp  >&5
configure:4446: $? = 0
configure:4446: result: yes
configure:4446: checking for umask
configure:4446: g++ -o conftest -g -O2   conftest.cpp  >&5
configure:4446: $? = 0
configure:4446: result: yes
configure:4446: checking for setgid
configure:4446: g++ -o conftest -g -O2   conftest.cpp  >&5
configure:4446: $? = 0
configure:4446: result: yes
configure:4446: checking for setuid
configure:4446: g++ -o conftest -g -O2   conftest.cpp  >&5
configure:4446: $? = 0
configure:4446: result: yes
configure:4446: checking for strftime
configure:4446: g++ -o conftest -g -O2   conftest.cpp  >&5
configure:4446: $? = 0
configure:4446: result: yes
configure:4446: checking for localtime
configure:4446: g++ -o conftest -g -O2   conftest.cpp  >&5
configure:4446: $? = 0
configure:4446: result: yes
configure:4446: checking for fflush
configure:4446: g++ -o conftest -g -O2   conftest.cpp  >&5
configure:4446: $? = 0
configure:4446: result: yes
configure:4446: checking for read
configure:4446: g++ -o conftest -g -O2   conftest.cpp  >&5
configure:4446: $? = 0
configure:4446: result: yes
configure:4446: checking for sleep
configure:4446: g++ -o conftest -g -O2   conftest.cpp  >&5
configure:4446: $? = 0
configure:4446: result: yes
configure:4446: checking for time
configure:4446: g++ -o conftest -g -O2   conftest.cpp  >&5
configure:4446: $? = 0
configure:4446: result: yes
configure:4580: creating ./config.status

## ---------------------- ##
## Running config.status. ##
## ---------------------- ##

This file was extended by logkeys config.status 0.1.0, which was
generated by GNU Autoconf 2.64.  Invocation command line was

  CONFIG_FILES    = 
  CONFIG_HEADERS  = 
  CONFIG_LINKS    = 
  CONFIG_COMMANDS = 
  $ ./config.status 

on centos1

config.status:906: creating Makefile
config.status:906: creating src/Makefile
config.status:906: creating man/Makefile
config.status:906: creating scripts/Makefile
config.status:906: creating config.h
config.status:1126: executing depfiles commands

## ---------------- ##
## Cache variables. ##
## ---------------- ##

ac_cv_c_inline=inline
ac_cv_cxx_compiler_gnu=yes
ac_cv_env_CCC_set=
ac_cv_env_CCC_value=
ac_cv_env_CPPFLAGS_set=
ac_cv_env_CPPFLAGS_value=
ac_cv_env_CXXCPP_set=
ac_cv_env_CXXCPP_value=
ac_cv_env_CXXFLAGS_set=
ac_cv_env_CXXFLAGS_value=
ac_cv_env_CXX_set=
ac_cv_env_CXX_value=
ac_cv_env_LDFLAGS_set=
ac_cv_env_LDFLAGS_value=
ac_cv_env_LIBS_set=
ac_cv_env_LIBS_value=
ac_cv_env_build_alias_set=
ac_cv_env_build_alias_value=
ac_cv_env_host_alias_set=
ac_cv_env_host_alias_value=
ac_cv_env_target_alias_set=
ac_cv_env_target_alias_value=
ac_cv_file__dev_input=yes
ac_cv_file__proc_bus_input_devices=yes
ac_cv_func_atoi=yes
ac_cv_func_close=yes
ac_cv_func_fclose=yes
ac_cv_func_feof=yes
ac_cv_func_fflush=yes
ac_cv_func_fgets=yes
ac_cv_func_flock=yes
ac_cv_func_fopen=yes
ac_cv_func_fork=yes
ac_cv_func_fork_works=yes
ac_cv_func_fprintf=yes
ac_cv_func_freopen=yes
ac_cv_func_fscanf=yes
ac_cv_func_getcwd=yes
ac_cv_func_geteuid=yes
ac_cv_func_getopt_long=yes
ac_cv_func_getpid=yes
ac_cv_func_kill=yes
ac_cv_func_localtime=yes
ac_cv_func_memset=yes
ac_cv_func_open=yes
ac_cv_func_read=yes
ac_cv_func_remove=yes
ac_cv_func_setgid=yes
ac_cv_func_setlocale=yes
ac_cv_func_setsid=yes
ac_cv_func_setuid=yes
ac_cv_func_sigaction=yes
ac_cv_func_sleep=yes
ac_cv_func_sscanf=yes
ac_cv_func_strcat=yes
ac_cv_func_strcpy=yes
ac_cv_func_strerror=yes
ac_cv_func_strftime=yes
ac_cv_func_strlen=yes
ac_cv_func_strncat=yes
ac_cv_func_time=yes
ac_cv_func_umask=yes
ac_cv_func_vfork=yes
ac_cv_func_vfork_works=yes
ac_cv_func_write=yes
ac_cv_header_cerrno=yes
ac_cv_header_csignal=yes
ac_cv_header_cstdio=yes
ac_cv_header_cstdlib=yes
ac_cv_header_cstring=yes
ac_cv_header_getopt_h=yes
ac_cv_header_inttypes_h=yes
ac_cv_header_linux_input_h=yes
ac_cv_header_memory_h=yes
ac_cv_header_sstream=yes
ac_cv_header_stdbool_h=yes
ac_cv_header_stdc=yes
ac_cv_header_stdint_h=yes
ac_cv_header_stdlib_h=yes
ac_cv_header_string_h=yes
ac_cv_header_strings_h=yes
ac_cv_header_sys_file_h=yes
ac_cv_header_sys_stat_h=yes
ac_cv_header_sys_types_h=yes
ac_cv_header_unistd_h=yes
ac_cv_header_vfork_h=no
ac_cv_lib_error_at_line=yes
ac_cv_objext=o
ac_cv_path_EGREP='/usr/bin/grep -E'
ac_cv_path_GREP=/usr/bin/grep
ac_cv_path_install='/usr/bin/install -c'
ac_cv_path_mkdir=/usr/bin/mkdir
ac_cv_prog_AWK=gawk
ac_cv_prog_CXXCPP='g++ -E'
ac_cv_prog_FOUND_DUMPKEYS=yes
ac_cv_prog_FOUND_GREP=yes
ac_cv_prog_FOUND_PGREP=yes
ac_cv_prog_ac_ct_CXX=g++
ac_cv_prog_cxx_g=yes
ac_cv_prog_make_make_set=yes
ac_cv_type__Bool=no
ac_cv_type_pid_t=yes
ac_cv_type_size_t=yes
am_cv_CXX_dependencies_compiler_type=gcc3

## ----------------- ##
## Output variables. ##
## ----------------- ##

ACLOCAL='${SHELL} /home/work/exec_hook/logkeys-0.1.0/missing --run aclocal-1.11'
AMDEPBACKSLASH='\'
AMDEP_FALSE='#'
AMDEP_TRUE=''
AMTAR='${SHELL} /home/work/exec_hook/logkeys-0.1.0/missing --run tar'
AUTOCONF='${SHELL} /home/work/exec_hook/logkeys-0.1.0/missing --run autoconf'
AUTOHEADER='${SHELL} /home/work/exec_hook/logkeys-0.1.0/missing --run autoheader'
AUTOMAKE='${SHELL} /home/work/exec_hook/logkeys-0.1.0/missing --run automake-1.11'
AWK='gawk'
CPPFLAGS=''
CXX='g++'
CXXCPP='g++ -E'
CXXDEPMODE='depmode=gcc3'
CXXFLAGS='-g -O2'
CYGPATH_W='echo'
DEFS='-DHAVE_CONFIG_H'
DEPDIR='.deps'
ECHO_C=''
ECHO_N='-n'
ECHO_T=''
EGREP='/usr/bin/grep -E'
EXEEXT=''
FOUND_DUMPKEYS='yes'
FOUND_GREP='yes'
FOUND_PGREP='yes'
GREP='/usr/bin/grep'
INSTALL_DATA='${INSTALL} -m 644'
INSTALL_PROGRAM='${INSTALL}'
INSTALL_SCRIPT='${INSTALL}'
INSTALL_STRIP_PROGRAM='$(install_sh) -c -s'
LDFLAGS=''
LIBOBJS=''
LIBS=''
LTLIBOBJS=''
MAKEINFO='${SHELL} /home/work/exec_hook/logkeys-0.1.0/missing --run makeinfo'
MKDIR_P='/usr/bin/mkdir -p'
OBJEXT='o'
PACKAGE='logkeys'
PACKAGE_BUGREPORT='kerncece+logkeys@gmail.com'
PACKAGE_NAME='logkeys'
PACKAGE_STRING='logkeys 0.1.0'
PACKAGE_TARNAME='logkeys'
PACKAGE_URL='http://code.google.com/p/logkeys/'
PACKAGE_VERSION='0.1.0'
PATH_SEPARATOR=':'
SET_MAKE=''
SHELL='/bin/sh'
STRIP=''
VERSION='0.1.0'
ac_ct_CXX='g++'
am__EXEEXT_FALSE=''
am__EXEEXT_TRUE='#'
am__fastdepCXX_FALSE='#'
am__fastdepCXX_TRUE=''
am__include='include'
am__isrc=''
am__leading_dot='.'
am__quote=''
am__tar='${AMTAR} chof - "$$tardir"'
am__untar='${AMTAR} xf -'
bindir='${exec_prefix}/bin'
build_alias=''
datadir='${datarootdir}'
datarootdir='${prefix}/share'
docdir='${datarootdir}/doc/${PACKAGE_TARNAME}'
dvidir='${docdir}'
exec_prefix='${prefix}'
host_alias=''
htmldir='${docdir}'
includedir='${prefix}/include'
infodir='${datarootdir}/info'
install_sh='${SHELL} /home/work/exec_hook/logkeys-0.1.0/install-sh'
libdir='${exec_prefix}/lib'
libexecdir='${exec_prefix}/libexec'
localedir='${datarootdir}/locale'
localstatedir='${prefix}/var'
mandir='${datarootdir}/man'
mkdir_p='/usr/bin/mkdir -p'
oldincludedir='/usr/include'
pdfdir='${docdir}'
prefix='/usr/local'
program_transform_name='s,x,x,'
psdir='${docdir}'
sbindir='${exec_prefix}/sbin'
sharedstatedir='${prefix}/com'
sysconfdir='${prefix}/etc'
target_alias=''

## ----------- ##
## confdefs.h. ##
## ----------- ##

/* confdefs.h */
#define PACKAGE_NAME "logkeys"
#define PACKAGE_TARNAME "logkeys"
#define PACKAGE_VERSION "0.1.0"
#define PACKAGE_STRING "logkeys 0.1.0"
#define PACKAGE_BUGREPORT "kerncece+logkeys@gmail.com"
#define PACKAGE_URL "http://code.google.com/p/logkeys/"
#define PACKAGE "logkeys"
#define VERSION "0.1.0"
#define STDC_HEADERS 1
#define HAVE_SYS_TYPES_H 1
#define HAVE_SYS_STAT_H 1
#define HAVE_STDLIB_H 1
#define HAVE_STRING_H 1
#define HAVE_MEMORY_H 1
#define HAVE_STRINGS_H 1
#define HAVE_INTTYPES_H 1
#define HAVE_STDINT_H 1
#define HAVE_UNISTD_H 1
#define HAVE_CSTDIO 1
#define HAVE_CERRNO 1
#define HAVE_CSTRING 1
#define HAVE_SSTREAM 1
#define HAVE_CSTDLIB 1
#define HAVE_CSIGNAL 1
#define HAVE_UNISTD_H 1
#define HAVE_GETOPT_H 1
#define HAVE_SYS_FILE_H 1
#define HAVE_LINUX_INPUT_H 1
#define HAVE_STDBOOL_H 1
#define HAVE_FORK 1
#define HAVE_VFORK 1
#define HAVE_WORKING_VFORK 1
#define HAVE_WORKING_FORK 1
#define HAVE_GETEUID 1
#define HAVE_GETCWD 1
#define HAVE_MEMSET 1
#define HAVE_SETLOCALE 1
#define HAVE_STRERROR 1
#define HAVE_FPRINTF 1
#define HAVE_GETOPT_LONG 1
#define HAVE_FOPEN 1
#define HAVE_SSCANF 1
#define HAVE_FSCANF 1
#define HAVE_GETPID 1
#define HAVE_FCLOSE 1
#define HAVE_REMOVE 1
#define HAVE_KILL 1
#define HAVE_STRLEN 1
#define HAVE_STRCAT 1
#define HAVE_STRCPY 1
#define HAVE_STRNCAT 1
#define HAVE_FREOPEN 1
#define HAVE_FEOF 1
#define HAVE_FGETS 1
#define HAVE_ATOI 1
#define HAVE_SIGACTION 1
#define HAVE_FORK 1
#define HAVE_SETSID 1
#define HAVE_OPEN 1
#define HAVE_CLOSE 1
#define HAVE_FLOCK 1
#define HAVE_WRITE 1
#define HAVE_UMASK 1
#define HAVE_SETGID 1
#define HAVE_SETUID 1
#define HAVE_STRFTIME 1
#define HAVE_LOCALTIME 1
#define HAVE_FFLUSH 1
#define HAVE_READ 1
#define HAVE_SLEEP 1
#define HAVE_TIME 1

configure: exit 0
